TN:
SF:src/config/database.ts
FNF:0
FNH:0
DA:1,1
DA:2,1
DA:4,1
DA:6,1
DA:17,1
LF:5
LH:5
BRDA:7,0,0,1
BRDA:7,0,1,0
BRDA:8,1,0,1
BRDA:8,1,1,0
BRDA:9,2,0,1
BRDA:9,2,1,0
BRDA:10,3,0,1
BRDA:10,3,1,0
BRDA:11,4,0,1
BRDA:11,4,1,0
BRF:10
BRH:5
end_of_record
TN:
SF:src/config/logger.ts
FN:20,(anonymous_1)
FN:47,(anonymous_2)
FN:86,(anonymous_3)
FN:114,(anonymous_4)
FN:157,(anonymous_5)
FNF:5
FNH:3
FNDA:1,(anonymous_1)
FNDA:10,(anonymous_2)
FNDA:10,(anonymous_3)
FNDA:0,(anonymous_4)
FNDA:0,(anonymous_5)
DA:1,1
DA:3,1
DA:4,1
DA:5,1
DA:8,1
DA:11,1
DA:20,1
DA:21,1
DA:22,1
DA:25,1
DA:29,1
DA:38,1
DA:41,1
DA:44,1
DA:47,10
DA:52,1
DA:59,1
DA:82,1
DA:86,10
DA:92,1
DA:95,1
DA:96,1
DA:100,1
DA:101,1
DA:105,1
DA:114,1
DA:115,0
DA:116,0
DA:117,0
DA:122,0
DA:126,0
DA:135,0
DA:142,0
DA:145,0
DA:146,0
DA:147,0
DA:150,0
DA:153,0
DA:157,1
DA:158,0
DA:165,0
DA:166,0
DA:167,0
DA:170,0
DA:171,0
DA:174,0
DA:177,1
LF:47
LH:28
BRDA:21,0,0,1
BRDA:21,0,1,0
BRDA:22,1,0,1
BRDA:22,1,1,0
BRDA:25,2,0,1
BRDA:25,2,1,0
BRDA:25,3,0,0
BRDA:25,3,1,0
BRDA:95,4,0,1
BRDA:100,5,0,1
BRDA:114,6,0,0
BRDA:115,7,0,0
BRDA:115,7,1,0
BRDA:116,8,0,0
BRDA:116,8,1,0
BRDA:118,9,0,0
BRDA:118,9,1,0
BRDA:118,9,2,0
BRDA:122,10,0,0
BRDA:122,10,1,0
BRDA:135,11,0,0
BRDA:136,12,0,0
BRDA:136,12,1,0
BRDA:136,12,2,0
BRDA:136,12,3,0
BRDA:145,13,0,0
BRDA:146,14,0,0
BRDA:147,15,0,0
BRDA:159,16,0,0
BRDA:159,16,1,0
BRDA:165,17,0,0
BRDA:166,18,0,0
BRDA:167,19,0,0
BRDA:170,20,0,0
BRF:34
BRH:5
end_of_record
TN:
SF:src/models/complaint.ts
FN:22,(anonymous_1)
FN:42,(anonymous_2)
FN:53,(anonymous_3)
FN:88,(anonymous_4)
FN:97,(anonymous_5)
FN:106,(anonymous_6)
FN:138,(anonymous_7)
FNF:7
FNH:2
FNDA:2,(anonymous_1)
FNDA:0,(anonymous_2)
FNDA:0,(anonymous_3)
FNDA:2,(anonymous_4)
FNDA:0,(anonymous_5)
FNDA:0,(anonymous_6)
FNDA:0,(anonymous_7)
DA:2,2
DA:23,2
DA:34,2
DA:39,2
DA:47,0
DA:48,0
DA:49,0
DA:50,0
DA:53,0
DA:54,0
DA:55,0
DA:56,0
DA:61,0
DA:64,0
DA:73,0
DA:78,0
DA:83,0
DA:84,0
DA:89,2
DA:94,2
DA:98,0
DA:103,0
DA:110,0
DA:111,0
DA:113,0
DA:114,0
DA:115,0
DA:118,0
DA:119,0
DA:120,0
DA:123,0
DA:124,0
DA:125,0
DA:128,0
DA:130,0
DA:131,0
DA:133,0
DA:135,0
DA:139,0
DA:140,0
DA:143,0
DA:145,0
DA:150,2
LF:43
LH:7
BRDA:30,0,0,2
BRDA:30,0,1,1
BRDA:43,1,0,0
BRDA:44,2,0,0
BRDA:45,3,0,0
BRDA:54,4,0,0
BRDA:54,5,0,0
BRDA:54,5,1,0
BRDA:54,5,2,0
BRDA:61,6,0,0
BRDA:61,6,1,0
BRDA:94,7,0,2
BRDA:94,7,1,1
BRDA:113,8,0,0
BRDA:118,9,0,0
BRDA:123,10,0,0
BRDA:128,11,0,0
BRF:17
BRH:4
end_of_record
TN:
SF:src/services/ComplaintService.ts
FN:11,(anonymous_1)
FN:16,(anonymous_2)
FN:34,(anonymous_3)
FN:54,(anonymous_4)
FN:65,(anonymous_5)
FN:76,(anonymous_6)
FN:95,(anonymous_7)
FNF:7
FNH:4
FNDA:1,(anonymous_1)
FNDA:2,(anonymous_2)
FNDA:0,(anonymous_3)
FNDA:2,(anonymous_4)
FNDA:0,(anonymous_5)
FNDA:2,(anonymous_6)
FNDA:0,(anonymous_7)
DA:1,1
DA:2,1
DA:12,1
DA:17,2
DA:18,2
DA:19,2
DA:20,1
DA:23,1
DA:25,1
DA:29,1
DA:39,0
DA:40,0
DA:41,0
DA:43,0
DA:49,0
DA:55,2
DA:56,2
DA:57,2
DA:59,0
DA:60,0
DA:66,0
DA:67,0
DA:68,0
DA:70,0
DA:71,0
DA:80,2
DA:81,2
DA:82,2
DA:86,1
DA:87,1
DA:89,1
DA:90,1
DA:96,0
DA:97,0
DA:98,0
DA:99,0
DA:101,0
DA:102,0
DA:107,1
LF:39
LH:21
BRDA:35,0,0,0
BRDA:36,1,0,0
BRDA:37,2,0,0
BRF:3
BRH:0
end_of_record
